<!DOCTYPE html>

<html>
  <head>
  <meta charset='utf-8'>
  <title>TestNG reports</title>

    <link type="text/css" href="testng-reports.css" rel="stylesheet" />
    <script type="text/javascript" src="jquery-1.7.1.min.js"></script>
    <script type="text/javascript" src="testng-reports.js"></script>
    <script type="text/javascript" src="https://www.google.com/jsapi"></script>
    <script type='text/javascript'>
      google.load('visualization', '1', {packages:['table']});
      google.setOnLoadCallback(drawTable);
      var suiteTableInitFunctions = new Array();
      var suiteTableData = new Array();
    </script>
    <!--
      <script type="text/javascript" src="jquery-ui/js/jquery-ui-1.8.16.custom.min.js"></script>
     -->
  </head>

  <body>
    <div class="top-banner-root">
      <span class="top-banner-title-font">Test results</span>
      <br/>
<<<<<<< HEAD
      <span class="top-banner-font-1">1 suite</span>
=======
      <span class="top-banner-font-1">1 suite, 3 failed tests</span>
>>>>>>> 2627a4ea626d0f7f4c9b2f3335c2e3e605ef160f
    </div> <!-- top-banner-root -->
    <div class="navigator-root">
      <div class="navigator-suite-header">
        <span>All suites</span>
        <a href="#" class="collapse-all-link" title="Collapse/expand all the suites">
          <img class="collapse-all-icon" src="collapseall.gif">
          </img> <!-- collapse-all-icon -->
        </a> <!-- collapse-all-link -->
      </div> <!-- navigator-suite-header -->
      <div class="suite">
        <div class="rounded-window">
          <div class="suite-header light-rounded-window-top">
            <a href="#" class="navigator-link" panel-name="suite-sampleName">
<<<<<<< HEAD
              <span class="suite-name border-passed">sampleName</span>
=======
              <span class="suite-name border-failed">sampleName</span>
>>>>>>> 2627a4ea626d0f7f4c9b2f3335c2e3e605ef160f
            </a> <!-- navigator-link -->
          </div> <!-- suite-header light-rounded-window-top -->
          <div class="navigator-suite-content">
            <div class="suite-section-title">
              <span>Info</span>
            </div> <!-- suite-section-title -->
            <div class="suite-section-content">
              <ul>
                <li>
                  <a href="#" class="navigator-link " panel-name="test-xml-sampleName">
<<<<<<< HEAD
                    <span>E:\learn\Selenium\charterproject\Agent Form - maven\agentForm\testNG.xml</span>
=======
                    <span>C:\Users\sanarayanan\Desktop\Agent Form - maven\Agent Form - maven\agentForm\testNG.xml</span>
>>>>>>> 2627a4ea626d0f7f4c9b2f3335c2e3e605ef160f
                  </a> <!-- navigator-link  -->
                </li>
                <li>
                  <a href="#" class="navigator-link " panel-name="testlist-sampleName">
                    <span class="test-stats">1 test</span>
                  </a> <!-- navigator-link  -->
                </li>
                <li>
                  <a href="#" class="navigator-link " panel-name="group-sampleName">
                    <span>0 groups</span>
                  </a> <!-- navigator-link  -->
                </li>
                <li>
                  <a href="#" class="navigator-link " panel-name="times-sampleName">
                    <span>Times</span>
                  </a> <!-- navigator-link  -->
                </li>
                <li>
                  <a href="#" class="navigator-link " panel-name="reporter-sampleName">
                    <span>Reporter output</span>
                  </a> <!-- navigator-link  -->
                </li>
                <li>
                  <a href="#" class="navigator-link " panel-name="ignored-methods-sampleName">
                    <span>Ignored methods</span>
                  </a> <!-- navigator-link  -->
                </li>
                <li>
                  <a href="#" class="navigator-link " panel-name="chronological-sampleName">
                    <span>Chronological view</span>
                  </a> <!-- navigator-link  -->
                </li>
              </ul>
            </div> <!-- suite-section-content -->
            <div class="result-section">
              <div class="suite-section-title">
                <span>Results</span>
              </div> <!-- suite-section-title -->
              <div class="suite-section-content">
                <ul>
                  <li>
<<<<<<< HEAD
                    <span class="method-stats">3 methods,   3 passed</span>
                  </li>
                  <li>
                    <span class="method-list-title passed">Passed methods</span>
                    <span class="show-or-hide-methods passed">
                      <a href="#" panel-name="suite-sampleName" class="hide-methods passed suite-sampleName"> (hide)</a> <!-- hide-methods passed suite-sampleName -->
                      <a href="#" panel-name="suite-sampleName" class="show-methods passed suite-sampleName"> (show)</a> <!-- show-methods passed suite-sampleName -->
                    </span>
                    <div class="method-list-content passed suite-sampleName">
                      <span>
                        <img width="3%" src="passed.png"/>
=======
                    <span class="method-stats">3 methods, 3 failed,   </span>
                  </li>
                  <li>
                    <span class="method-list-title failed">Failed methods</span>
                    <span class="show-or-hide-methods failed">
                      <a href="#" panel-name="suite-sampleName" class="hide-methods failed suite-sampleName"> (hide)</a> <!-- hide-methods failed suite-sampleName -->
                      <a href="#" panel-name="suite-sampleName" class="show-methods failed suite-sampleName"> (show)</a> <!-- show-methods failed suite-sampleName -->
                    </span>
                    <div class="method-list-content failed suite-sampleName">
                      <span>
                        <img width="3%" src="failed.png"/>
>>>>>>> 2627a4ea626d0f7f4c9b2f3335c2e3e605ef160f
                        <a href="#" class="method navigator-link" panel-name="suite-sampleName" title="com.selenium.tests.TestAgentForm" hash-for-method="testBlankForPasswordAndEmail">testBlankForPasswordAndEmail</a> <!-- method navigator-link -->
                      </span>
                      <br/>
                      <span>
<<<<<<< HEAD
                        <img width="3%" src="passed.png"/>
=======
                        <img width="3%" src="failed.png"/>
>>>>>>> 2627a4ea626d0f7f4c9b2f3335c2e3e605ef160f
                        <a href="#" class="method navigator-link" panel-name="suite-sampleName" title="com.selenium.tests.TestDisplayPage" hash-for-method="testForValidAgent">testForValidAgent</a> <!-- method navigator-link -->
                      </span>
                      <br/>
                      <span>
<<<<<<< HEAD
                        <img width="3%" src="passed.png"/>
                        <a href="#" class="method navigator-link" panel-name="suite-sampleName" title="com.selenium.tests.TestAgentForm" hash-for-method="testInvalidEmailId">testInvalidEmailId</a> <!-- method navigator-link -->
                      </span>
                      <br/>
                    </div> <!-- method-list-content passed suite-sampleName -->
=======
                        <img width="3%" src="failed.png"/>
                        <a href="#" class="method navigator-link" panel-name="suite-sampleName" title="com.selenium.tests.TestAgentForm" hash-for-method="testInvalidEmailId">testInvalidEmailId</a> <!-- method navigator-link -->
                      </span>
                      <br/>
                    </div> <!-- method-list-content failed suite-sampleName -->
>>>>>>> 2627a4ea626d0f7f4c9b2f3335c2e3e605ef160f
                  </li>
                </ul>
              </div> <!-- suite-section-content -->
            </div> <!-- result-section -->
          </div> <!-- navigator-suite-content -->
        </div> <!-- rounded-window -->
      </div> <!-- suite -->
    </div> <!-- navigator-root -->
    <div class="wrapper">
      <div class="main-panel-root">
        <div panel-name="suite-sampleName" class="panel sampleName">
<<<<<<< HEAD
          <div class="suite-sampleName-class-passed">
            <div class="main-panel-header rounded-window-top">
              <img src="passed.png"/>
=======
          <div class="suite-sampleName-class-failed">
            <div class="main-panel-header rounded-window-top">
              <img src="failed.png"/>
              <span class="class-name">com.selenium.tests.TestDisplayPage</span>
            </div> <!-- main-panel-header rounded-window-top -->
            <div class="main-panel-content rounded-window-bottom">
              <div class="method">
                <div class="method-content">
                  <a name="testForValidAgent">
                  </a> <!-- testForValidAgent -->
                  <span class="method-name">testForValidAgent</span>
                  <div class="stack-trace">org.openqa.selenium.NoSuchElementException: Unable to locate element: //h2[text()=&apos;Registered Succesfully&apos;]
For documentation on this error, please visit: http://seleniumhq.org/exceptions/no_such_element.html
Build info: version: &apos;3.4.0&apos;, revision: &apos;unknown&apos;, time: &apos;unknown&apos;
System info: host: &apos;CBR-LAP-DEL2381&apos;, ip: &apos;192.168.43.254&apos;, os.name: &apos;Windows 7&apos;, os.arch: &apos;amd64&apos;, os.version: &apos;6.1&apos;, java.version: &apos;1.8.0_60&apos;
Driver info: org.openqa.selenium.firefox.FirefoxDriver
Capabilities [{moz:profile=C:\Users\SANARA~1\AppData\Local\Temp\rust_mozprofile.g1OqsyEptGNV, rotatable=false, timeouts={implicit=0.0, pageLoad=300000.0, script=30000.0}, pageLoadStrategy=normal, platform=ANY, specificationLevel=0.0, moz:accessibilityChecks=false, acceptInsecureCerts=true, browserVersion=54.0.1, platformVersion=6.1, moz:processID=6384.0, browserName=firefox, javascriptEnabled=true, platformName=windows_nt}]
Session ID: 628ce8ef-1a57-4281-b5bb-56f5173efd29
*** Element info: {Using=xpath, value=//h2[text()=&apos;Registered Succesfully&apos;]}
	at org.openqa.selenium.remote.http.W3CHttpResponseCodec.createException(W3CHttpResponseCodec.java:150)
	at org.openqa.selenium.remote.http.W3CHttpResponseCodec.decode(W3CHttpResponseCodec.java:115)
	at org.openqa.selenium.remote.http.W3CHttpResponseCodec.decode(W3CHttpResponseCodec.java:45)
	at org.openqa.selenium.remote.HttpCommandExecutor.execute(HttpCommandExecutor.java:164)
	at org.openqa.selenium.remote.service.DriverCommandExecutor.execute(DriverCommandExecutor.java:82)
	at org.openqa.selenium.remote.RemoteWebDriver.execute(RemoteWebDriver.java:637)
	at org.openqa.selenium.remote.RemoteWebDriver.findElement(RemoteWebDriver.java:410)
	at org.openqa.selenium.remote.RemoteWebDriver.findElementByXPath(RemoteWebDriver.java:509)
	at org.openqa.selenium.By$ByXPath.findElement(By.java:361)
	at org.openqa.selenium.remote.RemoteWebDriver.findElement(RemoteWebDriver.java:402)
	at org.openqa.selenium.support.pagefactory.DefaultElementLocator.findElement(DefaultElementLocator.java:69)
	at org.openqa.selenium.support.pagefactory.internal.LocatingElementHandler.invoke(LocatingElementHandler.java:38)
	at com.sun.proxy.$Proxy5.getText(Unknown Source)
	at com.selenium.pages.DisplayAgent.getTitle(DisplayAgent.java:31)
	at com.selenium.tests.TestDisplayPage.testForValidAgent(TestDisplayPage.java:48)
... Removed 38 stack frames
</div> <!-- stack-trace -->
                </div> <!-- method-content -->
              </div> <!-- method -->
            </div> <!-- main-panel-content rounded-window-bottom -->
          </div> <!-- suite-sampleName-class-failed -->
          <div class="suite-sampleName-class-failed">
            <div class="main-panel-header rounded-window-top">
              <img src="failed.png"/>
>>>>>>> 2627a4ea626d0f7f4c9b2f3335c2e3e605ef160f
              <span class="class-name">com.selenium.tests.TestAgentForm</span>
            </div> <!-- main-panel-header rounded-window-top -->
            <div class="main-panel-content rounded-window-bottom">
              <div class="method">
                <div class="method-content">
                  <a name="testBlankForPasswordAndEmail">
                  </a> <!-- testBlankForPasswordAndEmail -->
                  <span class="method-name">testBlankForPasswordAndEmail</span>
<<<<<<< HEAD
=======
                  <div class="stack-trace">org.openqa.selenium.NoSuchElementException: Unable to locate element: //input[@name =&apos;firstname&apos;]
For documentation on this error, please visit: http://seleniumhq.org/exceptions/no_such_element.html
Build info: version: &apos;3.4.0&apos;, revision: &apos;unknown&apos;, time: &apos;unknown&apos;
System info: host: &apos;CBR-LAP-DEL2381&apos;, ip: &apos;192.168.43.254&apos;, os.name: &apos;Windows 7&apos;, os.arch: &apos;amd64&apos;, os.version: &apos;6.1&apos;, java.version: &apos;1.8.0_60&apos;
Driver info: org.openqa.selenium.firefox.FirefoxDriver
Capabilities [{moz:profile=C:\Users\SANARA~1\AppData\Local\Temp\rust_mozprofile.yBF1Cybvb0t6, rotatable=false, timeouts={implicit=0.0, pageLoad=300000.0, script=30000.0}, pageLoadStrategy=normal, platform=ANY, specificationLevel=0.0, moz:accessibilityChecks=false, acceptInsecureCerts=true, browserVersion=54.0.1, platformVersion=6.1, moz:processID=5300.0, browserName=firefox, javascriptEnabled=true, platformName=windows_nt}]
Session ID: bd6ac241-5773-457e-a351-20afbf546804
*** Element info: {Using=xpath, value=//input[@name =&apos;firstname&apos;]}
	at org.openqa.selenium.remote.http.W3CHttpResponseCodec.createException(W3CHttpResponseCodec.java:150)
	at org.openqa.selenium.remote.http.W3CHttpResponseCodec.decode(W3CHttpResponseCodec.java:115)
	at org.openqa.selenium.remote.http.W3CHttpResponseCodec.decode(W3CHttpResponseCodec.java:45)
	at org.openqa.selenium.remote.HttpCommandExecutor.execute(HttpCommandExecutor.java:164)
	at org.openqa.selenium.remote.service.DriverCommandExecutor.execute(DriverCommandExecutor.java:82)
	at org.openqa.selenium.remote.RemoteWebDriver.execute(RemoteWebDriver.java:637)
	at org.openqa.selenium.remote.RemoteWebDriver.findElement(RemoteWebDriver.java:410)
	at org.openqa.selenium.remote.RemoteWebDriver.findElementByXPath(RemoteWebDriver.java:509)
	at org.openqa.selenium.By$ByXPath.findElement(By.java:361)
	at org.openqa.selenium.remote.RemoteWebDriver.findElement(RemoteWebDriver.java:402)
	at org.openqa.selenium.support.pagefactory.DefaultElementLocator.findElement(DefaultElementLocator.java:69)
	at org.openqa.selenium.support.pagefactory.internal.LocatingElementHandler.invoke(LocatingElementHandler.java:38)
	at com.sun.proxy.$Proxy5.clear(Unknown Source)
	at com.selenium.pages.AgentForm.setFirstName(AgentForm.java:38)
	at com.selenium.tests.TestAgentForm.testBlankForPasswordAndEmail(TestAgentForm.java:67)
... Removed 38 stack frames
</div> <!-- stack-trace -->
>>>>>>> 2627a4ea626d0f7f4c9b2f3335c2e3e605ef160f
                </div> <!-- method-content -->
              </div> <!-- method -->
              <div class="method">
                <div class="method-content">
                  <a name="testInvalidEmailId">
                  </a> <!-- testInvalidEmailId -->
                  <span class="method-name">testInvalidEmailId</span>
<<<<<<< HEAD
                </div> <!-- method-content -->
              </div> <!-- method -->
            </div> <!-- main-panel-content rounded-window-bottom -->
          </div> <!-- suite-sampleName-class-passed -->
          <div class="suite-sampleName-class-passed">
            <div class="main-panel-header rounded-window-top">
              <img src="passed.png"/>
              <span class="class-name">com.selenium.tests.TestDisplayPage</span>
            </div> <!-- main-panel-header rounded-window-top -->
            <div class="main-panel-content rounded-window-bottom">
              <div class="method">
                <div class="method-content">
                  <a name="testForValidAgent">
                  </a> <!-- testForValidAgent -->
                  <span class="method-name">testForValidAgent</span>
                </div> <!-- method-content -->
              </div> <!-- method -->
            </div> <!-- main-panel-content rounded-window-bottom -->
          </div> <!-- suite-sampleName-class-passed -->
        </div> <!-- panel sampleName -->
        <div panel-name="test-xml-sampleName" class="panel">
          <div class="main-panel-header rounded-window-top">
            <span class="header-content">E:\learn\Selenium\charterproject\Agent Form - maven\agentForm\testNG.xml</span>
=======
                  <div class="stack-trace">org.openqa.selenium.NoSuchElementException: Unable to locate element: //input[@name =&apos;firstname&apos;]
For documentation on this error, please visit: http://seleniumhq.org/exceptions/no_such_element.html
Build info: version: &apos;3.4.0&apos;, revision: &apos;unknown&apos;, time: &apos;unknown&apos;
System info: host: &apos;CBR-LAP-DEL2381&apos;, ip: &apos;192.168.43.254&apos;, os.name: &apos;Windows 7&apos;, os.arch: &apos;amd64&apos;, os.version: &apos;6.1&apos;, java.version: &apos;1.8.0_60&apos;
Driver info: org.openqa.selenium.firefox.FirefoxDriver
Capabilities [{moz:profile=C:\Users\SANARA~1\AppData\Local\Temp\rust_mozprofile.yBF1Cybvb0t6, rotatable=false, timeouts={implicit=0.0, pageLoad=300000.0, script=30000.0}, pageLoadStrategy=normal, platform=ANY, specificationLevel=0.0, moz:accessibilityChecks=false, acceptInsecureCerts=true, browserVersion=54.0.1, platformVersion=6.1, moz:processID=5300.0, browserName=firefox, javascriptEnabled=true, platformName=windows_nt}]
Session ID: bd6ac241-5773-457e-a351-20afbf546804
*** Element info: {Using=xpath, value=//input[@name =&apos;firstname&apos;]}
	at org.openqa.selenium.remote.http.W3CHttpResponseCodec.createException(W3CHttpResponseCodec.java:150)
	at org.openqa.selenium.remote.http.W3CHttpResponseCodec.decode(W3CHttpResponseCodec.java:115)
	at org.openqa.selenium.remote.http.W3CHttpResponseCodec.decode(W3CHttpResponseCodec.java:45)
	at org.openqa.selenium.remote.HttpCommandExecutor.execute(HttpCommandExecutor.java:164)
	at org.openqa.selenium.remote.service.DriverCommandExecutor.execute(DriverCommandExecutor.java:82)
	at org.openqa.selenium.remote.RemoteWebDriver.execute(RemoteWebDriver.java:637)
	at org.openqa.selenium.remote.RemoteWebDriver.findElement(RemoteWebDriver.java:410)
	at org.openqa.selenium.remote.RemoteWebDriver.findElementByXPath(RemoteWebDriver.java:509)
	at org.openqa.selenium.By$ByXPath.findElement(By.java:361)
	at org.openqa.selenium.remote.RemoteWebDriver.findElement(RemoteWebDriver.java:402)
	at org.openqa.selenium.support.pagefactory.DefaultElementLocator.findElement(DefaultElementLocator.java:69)
	at org.openqa.selenium.support.pagefactory.internal.LocatingElementHandler.invoke(LocatingElementHandler.java:38)
	at com.sun.proxy.$Proxy5.clear(Unknown Source)
	at com.selenium.pages.AgentForm.setFirstName(AgentForm.java:38)
	at com.selenium.tests.TestAgentForm.testInvalidEmailId(TestAgentForm.java:36)
... Removed 38 stack frames
</div> <!-- stack-trace -->
                </div> <!-- method-content -->
              </div> <!-- method -->
            </div> <!-- main-panel-content rounded-window-bottom -->
          </div> <!-- suite-sampleName-class-failed -->
        </div> <!-- panel sampleName -->
        <div panel-name="test-xml-sampleName" class="panel">
          <div class="main-panel-header rounded-window-top">
            <span class="header-content">C:\Users\sanarayanan\Desktop\Agent Form - maven\Agent Form - maven\agentForm\testNG.xml</span>
>>>>>>> 2627a4ea626d0f7f4c9b2f3335c2e3e605ef160f
          </div> <!-- main-panel-header rounded-window-top -->
          <div class="main-panel-content rounded-window-bottom">
            <pre>
&lt;?xml version=&quot;1.0&quot; encoding=&quot;UTF-8&quot;?&gt;
&lt;!DOCTYPE suite SYSTEM &quot;http://testng.org/testng-1.0.dtd&quot;&gt;
&lt;suite guice-stage=&quot;DEVELOPMENT&quot; verbose=&quot;0&quot; name=&quot;sampleName&quot;&gt;
  &lt;test name=&quot;sample test name&quot;&gt;
    &lt;classes&gt;
      &lt;class name=&quot;com.selenium.tests.TestAgentForm&quot;/&gt;
      &lt;class name=&quot;com.selenium.tests.TestDisplayPage&quot;/&gt;
    &lt;/classes&gt;
  &lt;/test&gt; &lt;!-- sample test name --&gt;
&lt;/suite&gt; &lt;!-- sampleName --&gt;
            </pre>
          </div> <!-- main-panel-content rounded-window-bottom -->
        </div> <!-- panel -->
        <div panel-name="testlist-sampleName" class="panel">
          <div class="main-panel-header rounded-window-top">
            <span class="header-content">Tests for sampleName</span>
          </div> <!-- main-panel-header rounded-window-top -->
          <div class="main-panel-content rounded-window-bottom">
            <ul>
              <li>
                <span class="test-name">sample test name (2 classes)</span>
              </li>
            </ul>
          </div> <!-- main-panel-content rounded-window-bottom -->
        </div> <!-- panel -->
        <div panel-name="group-sampleName" class="panel">
          <div class="main-panel-header rounded-window-top">
            <span class="header-content">Groups for sampleName</span>
          </div> <!-- main-panel-header rounded-window-top -->
          <div class="main-panel-content rounded-window-bottom">
          </div> <!-- main-panel-content rounded-window-bottom -->
        </div> <!-- panel -->
        <div panel-name="times-sampleName" class="panel">
          <div class="main-panel-header rounded-window-top">
            <span class="header-content">Times for sampleName</span>
          </div> <!-- main-panel-header rounded-window-top -->
          <div class="main-panel-content rounded-window-bottom">
            <div class="times-div">
              <script type="text/javascript">
suiteTableInitFunctions.push('tableData_sampleName');
function tableData_sampleName() {
var data = new google.visualization.DataTable();
data.addColumn('number', 'Number');
data.addColumn('string', 'Method');
data.addColumn('string', 'Class');
data.addColumn('number', 'Time (ms)');
data.addRows(3);
data.setCell(0, 0, 0)
<<<<<<< HEAD
data.setCell(0, 1, 'testInvalidEmailId')
data.setCell(0, 2, 'com.selenium.tests.TestAgentForm')
data.setCell(0, 3, 8007);
data.setCell(1, 0, 1)
data.setCell(1, 1, 'testForValidAgent')
data.setCell(1, 2, 'com.selenium.tests.TestDisplayPage')
data.setCell(1, 3, 4016);
data.setCell(2, 0, 2)
data.setCell(2, 1, 'testBlankForPasswordAndEmail')
data.setCell(2, 2, 'com.selenium.tests.TestAgentForm')
data.setCell(2, 3, 3558);
=======
data.setCell(0, 1, 'testForValidAgent')
data.setCell(0, 2, 'com.selenium.tests.TestDisplayPage')
data.setCell(0, 3, 4278);
data.setCell(1, 0, 1)
data.setCell(1, 1, 'testInvalidEmailId')
data.setCell(1, 2, 'com.selenium.tests.TestAgentForm')
data.setCell(1, 3, 983);
data.setCell(2, 0, 2)
data.setCell(2, 1, 'testBlankForPasswordAndEmail')
data.setCell(2, 2, 'com.selenium.tests.TestAgentForm')
data.setCell(2, 3, 93);
>>>>>>> 2627a4ea626d0f7f4c9b2f3335c2e3e605ef160f
window.suiteTableData['sampleName']= { tableData: data, tableDiv: 'times-div-sampleName'}
return data;
}
              </script>
<<<<<<< HEAD
              <span class="suite-total-time">Total running time: 15 seconds</span>
=======
              <span class="suite-total-time">Total running time: 5 seconds</span>
>>>>>>> 2627a4ea626d0f7f4c9b2f3335c2e3e605ef160f
              <div id="times-div-sampleName">
              </div> <!-- times-div-sampleName -->
            </div> <!-- times-div -->
          </div> <!-- main-panel-content rounded-window-bottom -->
        </div> <!-- panel -->
        <div panel-name="reporter-sampleName" class="panel">
          <div class="main-panel-header rounded-window-top">
            <span class="header-content">Reporter output for sampleName</span>
          </div> <!-- main-panel-header rounded-window-top -->
          <div class="main-panel-content rounded-window-bottom">
          </div> <!-- main-panel-content rounded-window-bottom -->
        </div> <!-- panel -->
        <div panel-name="ignored-methods-sampleName" class="panel">
          <div class="main-panel-header rounded-window-top">
            <span class="header-content">0 ignored methods</span>
          </div> <!-- main-panel-header rounded-window-top -->
          <div class="main-panel-content rounded-window-bottom">
          </div> <!-- main-panel-content rounded-window-bottom -->
        </div> <!-- panel -->
        <div panel-name="chronological-sampleName" class="panel">
          <div class="main-panel-header rounded-window-top">
            <span class="header-content">Methods in chronological order</span>
          </div> <!-- main-panel-header rounded-window-top -->
          <div class="main-panel-content rounded-window-bottom">
            <div class="chronological-class">
              <div class="chronological-class-name">com.selenium.tests.TestAgentForm</div> <!-- chronological-class-name -->
              <div class="configuration-class before">
                <span class="method-name">setup</span>
                <span class="method-start">0 ms</span>
              </div> <!-- configuration-class before -->
              <div class="test-method">
<<<<<<< HEAD
                <span class="method-name">testInvalidEmailId</span>
                <span class="method-start">41256 ms</span>
              </div> <!-- test-method -->
              <div class="test-method">
                <span class="method-name">testBlankForPasswordAndEmail</span>
                <span class="method-start">49265 ms</span>
              </div> <!-- test-method -->
              <div class="configuration-class after">
                <span class="method-name">teardown</span>
                <span class="method-start">52824 ms</span>
=======
                <img src="failed.png">
                </img>
                <span class="method-name">testInvalidEmailId</span>
                <span class="method-start">14558 ms</span>
              </div> <!-- test-method -->
              <div class="test-method">
                <img src="failed.png">
                </img>
                <span class="method-name">testBlankForPasswordAndEmail</span>
                <span class="method-start">15547 ms</span>
              </div> <!-- test-method -->
              <div class="configuration-class after">
                <span class="method-name">teardown</span>
                <span class="method-start">15641 ms</span>
>>>>>>> 2627a4ea626d0f7f4c9b2f3335c2e3e605ef160f
              </div> <!-- configuration-class after -->
            </div> <!-- chronological-class -->
            <div class="chronological-class">
              <div class="chronological-class-name">com.selenium.tests.TestDisplayPage</div> <!-- chronological-class-name -->
              <div class="configuration-class before">
                <span class="method-name">setup</span>
<<<<<<< HEAD
                <span class="method-start">55129 ms</span>
              </div> <!-- configuration-class before -->
              <div class="test-method">
                <span class="method-name">testForValidAgent</span>
                <span class="method-start">62151 ms</span>
              </div> <!-- test-method -->
              <div class="configuration-class after">
                <span class="method-name">teardown</span>
                <span class="method-start">66167 ms</span>
=======
                <span class="method-start">16580 ms</span>
              </div> <!-- configuration-class before -->
              <div class="test-method">
                <img src="failed.png">
                </img>
                <span class="method-name">testForValidAgent</span>
                <span class="method-start">24098 ms</span>
              </div> <!-- test-method -->
              <div class="configuration-class after">
                <span class="method-name">teardown</span>
                <span class="method-start">28379 ms</span>
>>>>>>> 2627a4ea626d0f7f4c9b2f3335c2e3e605ef160f
              </div> <!-- configuration-class after -->
          </div> <!-- main-panel-content rounded-window-bottom -->
        </div> <!-- panel -->
      </div> <!-- main-panel-root -->
    </div> <!-- wrapper -->
  </body>
</html>
